Reachable types computed on: Thu Oct 16 20:51:16 EDT 2008
com.google.gwt.sample.dynatable.client.Person
   Serialization status
      Field serializable
   Path
      'com.google.gwt.sample.dynatable.client.Person' is reachable as a supertype of type 'class com.google.gwt.sample.dynatable.client.Student'
      'com.google.gwt.sample.dynatable.client.Student' is reachable as a subtype of type 'class com.google.gwt.sample.dynatable.client.Person'
      Type 'com.google.gwt.sample.dynatable.client.Person' is reachable from array type 'com.google.gwt.sample.dynatable.client.Person[]'
      Started from 'com.google.gwt.sample.dynatable.client.Person[]'

com.google.gwt.sample.dynatable.client.Person[]
   Serialization status
      Instantiable
   Path
      Started from 'com.google.gwt.sample.dynatable.client.Person[]'

com.google.gwt.sample.dynatable.client.Professor
   Serialization status
      Instantiable
   Path
      'com.google.gwt.sample.dynatable.client.Professor' is reachable as a subtype of type 'class com.google.gwt.sample.dynatable.client.Person'
      Type 'com.google.gwt.sample.dynatable.client.Person' is reachable from array type 'com.google.gwt.sample.dynatable.client.Person[]'
      Started from 'com.google.gwt.sample.dynatable.client.Person[]'

com.google.gwt.sample.dynatable.client.Professor[]
   Serialization status
      Instantiable
   Path
      Started from 'com.google.gwt.sample.dynatable.client.Person[]'

com.google.gwt.sample.dynatable.client.Schedule
   Serialization status
      Instantiable
   Path
      'com.google.gwt.sample.dynatable.client.Schedule' is reachable as a subtype of type 'class com.google.gwt.sample.dynatable.client.Schedule'
      'com.google.gwt.sample.dynatable.client.Schedule' is reachable from field 'classSchedule' of type 'com.google.gwt.sample.dynatable.client.Student'
      'com.google.gwt.sample.dynatable.client.Student' is reachable as a subtype of type 'class com.google.gwt.sample.dynatable.client.Person'
      Type 'com.google.gwt.sample.dynatable.client.Person' is reachable from array type 'com.google.gwt.sample.dynatable.client.Person[]'
      Started from 'com.google.gwt.sample.dynatable.client.Person[]'

com.google.gwt.sample.dynatable.client.Student
   Serialization status
      Instantiable
   Path
      'com.google.gwt.sample.dynatable.client.Student' is reachable as a subtype of type 'class com.google.gwt.sample.dynatable.client.Person'
      Type 'com.google.gwt.sample.dynatable.client.Person' is reachable from array type 'com.google.gwt.sample.dynatable.client.Person[]'
      Started from 'com.google.gwt.sample.dynatable.client.Person[]'

com.google.gwt.sample.dynatable.client.Student[]
   Serialization status
      Instantiable
   Path
      Started from 'com.google.gwt.sample.dynatable.client.Person[]'

com.google.gwt.sample.dynatable.client.TimeSlot
   Serialization status
      Instantiable
   Path
      'com.google.gwt.sample.dynatable.client.TimeSlot' is reachable as a subtype of type 'class com.google.gwt.sample.dynatable.client.TimeSlot'
      'com.google.gwt.sample.dynatable.client.TimeSlot' is reachable from type argument 0 of type 'java.util.LinkedList<E>'
      'java.util.LinkedList<com.google.gwt.sample.dynatable.client.TimeSlot>' is reachable as a subtype of type 'interface java.util.List<com.google.gwt.sample.dynatable.client.TimeSlot>'
      'java.util.List<com.google.gwt.sample.dynatable.client.TimeSlot>' is reachable from field 'timeSlots' of type 'com.google.gwt.sample.dynatable.client.Schedule'
      'com.google.gwt.sample.dynatable.client.Schedule' is reachable as a subtype of type 'class com.google.gwt.sample.dynatable.client.Schedule'
      'com.google.gwt.sample.dynatable.client.Schedule' is reachable from field 'classSchedule' of type 'com.google.gwt.sample.dynatable.client.Student'
      'com.google.gwt.sample.dynatable.client.Student' is reachable as a subtype of type 'class com.google.gwt.sample.dynatable.client.Person'
      Type 'com.google.gwt.sample.dynatable.client.Person' is reachable from array type 'com.google.gwt.sample.dynatable.client.Person[]'
      Started from 'com.google.gwt.sample.dynatable.client.Person[]'

com.google.gwt.sample.dynatable.client.TimeSlot[]
   Serialization status
      Instantiable
   Path
      'com.google.gwt.sample.dynatable.client.TimeSlot' is reachable from type argument 0 of type 'java.util.Arrays.ArrayList<E>'
      'java.util.Arrays.ArrayList<com.google.gwt.sample.dynatable.client.TimeSlot>' is reachable as a subtype of type 'interface java.util.List<com.google.gwt.sample.dynatable.client.TimeSlot>'
      'java.util.List<com.google.gwt.sample.dynatable.client.TimeSlot>' is reachable from field 'timeSlots' of type 'com.google.gwt.sample.dynatable.client.Schedule'
      'com.google.gwt.sample.dynatable.client.Schedule' is reachable as a subtype of type 'class com.google.gwt.sample.dynatable.client.Schedule'
      'com.google.gwt.sample.dynatable.client.Schedule' is reachable from field 'classSchedule' of type 'com.google.gwt.sample.dynatable.client.Student'
      'com.google.gwt.sample.dynatable.client.Student' is reachable as a subtype of type 'class com.google.gwt.sample.dynatable.client.Person'
      Type 'com.google.gwt.sample.dynatable.client.Person' is reachable from array type 'com.google.gwt.sample.dynatable.client.Person[]'
      Started from 'com.google.gwt.sample.dynatable.client.Person[]'

com.google.gwt.user.client.rpc.IncompatibleRemoteServiceException
   Serialization status
      Instantiable
   Path
      'com.google.gwt.user.client.rpc.IncompatibleRemoteServiceException' is reachable as a subtype of type 'class com.google.gwt.user.client.rpc.IncompatibleRemoteServiceException'
      Started from 'com.google.gwt.user.client.rpc.IncompatibleRemoteServiceException'

java.lang.Exception
   Serialization status
      Field serializable
   Path
      'java.lang.Exception' is reachable as a supertype of type 'class java.lang.RuntimeException'
      'java.lang.RuntimeException' is reachable as a supertype of type 'class com.google.gwt.user.client.rpc.IncompatibleRemoteServiceException'
      'com.google.gwt.user.client.rpc.IncompatibleRemoteServiceException' is reachable as a subtype of type 'class com.google.gwt.user.client.rpc.IncompatibleRemoteServiceException'
      Started from 'com.google.gwt.user.client.rpc.IncompatibleRemoteServiceException'

java.lang.RuntimeException
   Serialization status
      Field serializable
   Path
      'java.lang.RuntimeException' is reachable as a supertype of type 'class com.google.gwt.user.client.rpc.IncompatibleRemoteServiceException'
      'com.google.gwt.user.client.rpc.IncompatibleRemoteServiceException' is reachable as a subtype of type 'class com.google.gwt.user.client.rpc.IncompatibleRemoteServiceException'
      Started from 'com.google.gwt.user.client.rpc.IncompatibleRemoteServiceException'

java.lang.String
   Serialization status
      Instantiable
   Path
      'java.lang.String' is reachable as a subtype of type 'class java.lang.String'
      Started from 'java.lang.String'

java.lang.Throwable
   Serialization status
      Field serializable
   Path
      'java.lang.Throwable' is reachable as a supertype of type 'class java.lang.Exception'
      'java.lang.Exception' is reachable as a supertype of type 'class java.lang.RuntimeException'
      'java.lang.RuntimeException' is reachable as a supertype of type 'class com.google.gwt.user.client.rpc.IncompatibleRemoteServiceException'
      'com.google.gwt.user.client.rpc.IncompatibleRemoteServiceException' is reachable as a subtype of type 'class com.google.gwt.user.client.rpc.IncompatibleRemoteServiceException'
      Started from 'com.google.gwt.user.client.rpc.IncompatibleRemoteServiceException'

java.util.ArrayList<com.google.gwt.sample.dynatable.client.TimeSlot>
   Serialization status
      Instantiable
   Path
      'java.util.ArrayList<com.google.gwt.sample.dynatable.client.TimeSlot>' is reachable as a subtype of type 'interface java.util.List<com.google.gwt.sample.dynatable.client.TimeSlot>'
      'java.util.List<com.google.gwt.sample.dynatable.client.TimeSlot>' is reachable from field 'timeSlots' of type 'com.google.gwt.sample.dynatable.client.Schedule'
      'com.google.gwt.sample.dynatable.client.Schedule' is reachable as a subtype of type 'class com.google.gwt.sample.dynatable.client.Schedule'
      'com.google.gwt.sample.dynatable.client.Schedule' is reachable from field 'classSchedule' of type 'com.google.gwt.sample.dynatable.client.Student'
      'com.google.gwt.sample.dynatable.client.Student' is reachable as a subtype of type 'class com.google.gwt.sample.dynatable.client.Person'
      Type 'com.google.gwt.sample.dynatable.client.Person' is reachable from array type 'com.google.gwt.sample.dynatable.client.Person[]'
      Started from 'com.google.gwt.sample.dynatable.client.Person[]'

java.util.Arrays.ArrayList<com.google.gwt.sample.dynatable.client.TimeSlot>
   Serialization status
      Instantiable
   Path
      'java.util.Arrays.ArrayList<com.google.gwt.sample.dynatable.client.TimeSlot>' is reachable as a subtype of type 'interface java.util.List<com.google.gwt.sample.dynatable.client.TimeSlot>'
      'java.util.List<com.google.gwt.sample.dynatable.client.TimeSlot>' is reachable from field 'timeSlots' of type 'com.google.gwt.sample.dynatable.client.Schedule'
      'com.google.gwt.sample.dynatable.client.Schedule' is reachable as a subtype of type 'class com.google.gwt.sample.dynatable.client.Schedule'
      'com.google.gwt.sample.dynatable.client.Schedule' is reachable from field 'classSchedule' of type 'com.google.gwt.sample.dynatable.client.Student'
      'com.google.gwt.sample.dynatable.client.Student' is reachable as a subtype of type 'class com.google.gwt.sample.dynatable.client.Person'
      Type 'com.google.gwt.sample.dynatable.client.Person' is reachable from array type 'com.google.gwt.sample.dynatable.client.Person[]'
      Started from 'com.google.gwt.sample.dynatable.client.Person[]'

java.util.LinkedList<com.google.gwt.sample.dynatable.client.TimeSlot>
   Serialization status
      Instantiable
   Path
      'java.util.LinkedList<com.google.gwt.sample.dynatable.client.TimeSlot>' is reachable as a subtype of type 'interface java.util.List<com.google.gwt.sample.dynatable.client.TimeSlot>'
      'java.util.List<com.google.gwt.sample.dynatable.client.TimeSlot>' is reachable from field 'timeSlots' of type 'com.google.gwt.sample.dynatable.client.Schedule'
      'com.google.gwt.sample.dynatable.client.Schedule' is reachable as a subtype of type 'class com.google.gwt.sample.dynatable.client.Schedule'
      'com.google.gwt.sample.dynatable.client.Schedule' is reachable from field 'classSchedule' of type 'com.google.gwt.sample.dynatable.client.Student'
      'com.google.gwt.sample.dynatable.client.Student' is reachable as a subtype of type 'class com.google.gwt.sample.dynatable.client.Person'
      Type 'com.google.gwt.sample.dynatable.client.Person' is reachable from array type 'com.google.gwt.sample.dynatable.client.Person[]'
      Started from 'com.google.gwt.sample.dynatable.client.Person[]'

java.util.Stack<com.google.gwt.sample.dynatable.client.TimeSlot>
   Serialization status
      Instantiable
   Path
      'java.util.Stack<com.google.gwt.sample.dynatable.client.TimeSlot>' is reachable as a subtype of type 'interface java.util.List<com.google.gwt.sample.dynatable.client.TimeSlot>'
      'java.util.List<com.google.gwt.sample.dynatable.client.TimeSlot>' is reachable from field 'timeSlots' of type 'com.google.gwt.sample.dynatable.client.Schedule'
      'com.google.gwt.sample.dynatable.client.Schedule' is reachable as a subtype of type 'class com.google.gwt.sample.dynatable.client.Schedule'
      'com.google.gwt.sample.dynatable.client.Schedule' is reachable from field 'classSchedule' of type 'com.google.gwt.sample.dynatable.client.Student'
      'com.google.gwt.sample.dynatable.client.Student' is reachable as a subtype of type 'class com.google.gwt.sample.dynatable.client.Person'
      Type 'com.google.gwt.sample.dynatable.client.Person' is reachable from array type 'com.google.gwt.sample.dynatable.client.Person[]'
      Started from 'com.google.gwt.sample.dynatable.client.Person[]'

java.util.Vector<com.google.gwt.sample.dynatable.client.TimeSlot>
   Serialization status
      Instantiable
   Path
      'java.util.Vector<com.google.gwt.sample.dynatable.client.TimeSlot>' is reachable as a subtype of type 'interface java.util.List<com.google.gwt.sample.dynatable.client.TimeSlot>'
      'java.util.List<com.google.gwt.sample.dynatable.client.TimeSlot>' is reachable from field 'timeSlots' of type 'com.google.gwt.sample.dynatable.client.Schedule'
      'com.google.gwt.sample.dynatable.client.Schedule' is reachable as a subtype of type 'class com.google.gwt.sample.dynatable.client.Schedule'
      'com.google.gwt.sample.dynatable.client.Schedule' is reachable from field 'classSchedule' of type 'com.google.gwt.sample.dynatable.client.Student'
      'com.google.gwt.sample.dynatable.client.Student' is reachable as a subtype of type 'class com.google.gwt.sample.dynatable.client.Person'
      Type 'com.google.gwt.sample.dynatable.client.Person' is reachable from array type 'com.google.gwt.sample.dynatable.client.Person[]'
      Started from 'com.google.gwt.sample.dynatable.client.Person[]'

